<?xml version="1.0" encoding="UTF-8"?>
<testng-results total="3" passed="3" failed="0" skipped="0">
  <reporter-output>
  </reporter-output>
  <suite started-at="2021-07-01T07:16:49Z" name="Suite" finished-at="2021-07-01T07:17:29Z" duration-ms="39877">
    <groups>
      <group name="cucumber">
        <method signature="AbstractTestNGCucumberTests.feature(cucumber.api.testng.CucumberFeatureWrapper)[pri:0, instance:runner.Runner@b978d10]" name="feature" class="cucumber.api.testng.AbstractTestNGCucumberTests"/>
      </group> <!-- cucumber -->
    </groups>
    <test started-at="2021-07-01T07:16:49Z" name="Test" finished-at="2021-07-01T07:17:29Z" duration-ms="39877">
      <class name="runner.Runner">
        <test-method is-config="true" signature="setUpClass()[pri:0, instance:runner.Runner@b978d10]" started-at="2021-07-01T12:46:49Z" name="setUpClass" finished-at="2021-07-01T12:46:50Z" duration-ms="368" status="PASS">
          <reporter-output>
          </reporter-output>
        </test-method> <!-- setUpClass -->
        <test-method signature="feature(cucumber.api.testng.CucumberFeatureWrapper)[pri:0, instance:runner.Runner@b978d10]" started-at="2021-07-01T12:46:50Z" name="feature" description="Runs Cucumber Feature" data-provider="features" finished-at="2021-07-01T12:47:20Z" duration-ms="30511" status="PASS">
          <params>
            <param index="0">
              <value>
                <![CDATA[Login to the Omayo application]]>
              </value>
            </param>
          </params>
          <reporter-output>
          </reporter-output>
        </test-method> <!-- feature -->
        <test-method signature="feature(cucumber.api.testng.CucumberFeatureWrapper)[pri:0, instance:runner.Runner@b978d10]" started-at="2021-07-01T12:47:20Z" name="feature" description="Runs Cucumber Feature" data-provider="features" finished-at="2021-07-01T12:47:29Z" duration-ms="8788" status="PASS">
          <params>
            <param index="0">
              <value>
                <![CDATA[Register into the TutorialsNinja application]]>
              </value>
            </param>
          </params>
          <reporter-output>
          </reporter-output>
        </test-method> <!-- feature -->
        <test-method signature="feature(cucumber.api.testng.CucumberFeatureWrapper)[pri:0, instance:runner.Runner@b978d10]" started-at="2021-07-01T12:47:29Z" name="feature" description="Runs Cucumber Feature" data-provider="features" finished-at="2021-07-01T12:47:29Z" duration-ms="30" status="PASS">
          <params>
            <param index="0">
              <value>
                <![CDATA[Searching of various categories should be possible along with general search]]>
              </value>
            </param>
          </params>
          <reporter-output>
          </reporter-output>
        </test-method> <!-- feature -->
        <test-method is-config="true" signature="tearDownClass()[pri:0, instance:runner.Runner@b978d10]" started-at="2021-07-01T12:47:29Z" name="tearDownClass" finished-at="2021-07-01T12:47:29Z" duration-ms="11" status="PASS">
          <reporter-output>
          </reporter-output>
        </test-method> <!-- tearDownClass -->
      </class> <!-- runner.Runner -->
    </test> <!-- Test -->
  </suite> <!-- Suite -->
</testng-results>
