<?xml version="1.0" encoding="UTF-8"?>
<testsuite xmlns:xsi="http://www.w3.org/2001/XMLSchema-instance" xsi:noNamespaceSchemaLocation="https://maven.apache.org/surefire/maven-surefire-plugin/xsd/surefire-test-report-3.0.xsd" version="3.0" name="TestSuite" time="41.634" tests="3" errors="0" skipped="0" failures="0">
  <properties>
[...]
</properties>
  <testcase name="feature[Login to the Omayo application](1)" classname="runner.Runner" time="30.641">
    <system-out><![CDATA[[TestNGContentHandler] [WARN] It is strongly recommended to add "<!DOCTYPE suite SYSTEM "http://testng.org/testng-1.0.dtd" >" at the top of your file, otherwise TestNG may fail or not work as expected.
Feature: Login to the Omayo application

  @Login @All
  Scenario Outline: User should be able to login with valid credentials         &amp#27;[90m# login.feature:4&amp#27;[0m
    &amp#27;[36mGiven &amp#27;[0m&amp#27;[36mI visit the omayo website&amp#27;[0m
    &amp#27;[36mWhen &amp#27;[0m&amp#27;[36mI enter Username as <username> and Password <password> into the fields&amp#27;[0m
    &amp#27;[36mAnd &amp#27;[0m&amp#27;[36mI click on Login button&amp#27;[0m
    &amp#27;[36mThen &amp#27;[0m&amp#27;[36mI should get logged in based on expected <loginstatus> status&amp#27;[0m

    Examples: 

  @Login @All
  Scenario Outline: User should be able to login with valid credentials &amp#27;[90m# login.feature:11&amp#27;[0m
    &amp#27;[32mGiven &amp#27;[0m&amp#27;[32mI visit the omayo website&amp#27;[0m                                     &amp#27;[90m# Login.i_visit_the_omayo_website()&amp#27;[0m
    &amp#27;[32mWhen &amp#27;[0m&amp#27;[32mI enter Username as &amp#27;[0m&amp#27;[32m&amp#27;[1marun&amp#27;[0m&amp#27;[32m and Password &amp#27;[0m&amp#27;[32m&amp#27;[1mpswd1&amp#27;[0m&amp#27;[32m into the fields&amp#27;[0m    &amp#27;[90m# Login.i_enter_username_and_password_into_the_fields(String,String)&amp#27;[0m
    &amp#27;[32mAnd &amp#27;[0m&amp#27;[32mI click on Login button&amp#27;[0m                                         &amp#27;[90m# Login.i_click_on_login_button()&amp#27;[0m
    &amp#27;[32mThen &amp#27;[0m&amp#27;[32mI should get logged in based on expected &amp#27;[0m&amp#27;[32m&amp#27;[1mfailure&amp#27;[0m&amp#27;[32m status&amp#27;[0m        &amp#27;[90m# Login.i_should_get_logged_in_based_on_expected_status(String)&amp#27;[0m

  @Login @All
  Scenario Outline: User should be able to login with valid credentials           &amp#27;[90m# login.feature:12&amp#27;[0m
    &amp#27;[32mGiven &amp#27;[0m&amp#27;[32mI visit the omayo website&amp#27;[0m                                               &amp#27;[90m# Login.i_visit_the_omayo_website()&amp#27;[0m
    &amp#27;[32mWhen &amp#27;[0m&amp#27;[32mI enter Username as &amp#27;[0m&amp#27;[32m&amp#27;[1mSeleniumByArun&amp#27;[0m&amp#27;[32m and Password &amp#27;[0m&amp#27;[32m&amp#27;[1mTest143$&amp#27;[0m&amp#27;[32m into the fields&amp#27;[0m &amp#27;[90m# Login.i_enter_username_and_password_into_the_fields(String,String)&amp#27;[0m
    &amp#27;[32mAnd &amp#27;[0m&amp#27;[32mI click on Login button&amp#27;[0m                                                   &amp#27;[90m# Login.i_click_on_login_button()&amp#27;[0m
    &amp#27;[32mThen &amp#27;[0m&amp#27;[32mI should get logged in based on expected &amp#27;[0m&amp#27;[32m&amp#27;[1msuccess&amp#27;[0m&amp#27;[32m status&amp#27;[0m                  &amp#27;[90m# Login.i_should_get_logged_in_based_on_expected_status(String)&amp#27;[0m

  @Login @All
  Scenario Outline: User should be able to login with valid credentials &amp#27;[90m# login.feature:13&amp#27;[0m
    &amp#27;[32mGiven &amp#27;[0m&amp#27;[32mI visit the omayo website&amp#27;[0m                                     &amp#27;[90m# Login.i_visit_the_omayo_website()&amp#27;[0m
    &amp#27;[32mWhen &amp#27;[0m&amp#27;[32mI enter Username as &amp#27;[0m&amp#27;[32m&amp#27;[1mmotoori&amp#27;[0m&amp#27;[32m and Password &amp#27;[0m&amp#27;[32m&amp#27;[1mpswd2&amp#27;[0m&amp#27;[32m into the fields&amp#27;[0m &amp#27;[90m# Login.i_enter_username_and_password_into_the_fields(String,String)&amp#27;[0m
    &amp#27;[32mAnd &amp#27;[0m&amp#27;[32mI click on Login button&amp#27;[0m                                         &amp#27;[90m# Login.i_click_on_login_button()&amp#27;[0m
    &amp#27;[32mThen &amp#27;[0m&amp#27;[32mI should get logged in based on expected &amp#27;[0m&amp#27;[32m&amp#27;[1mfailure&amp#27;[0m&amp#27;[32m status&amp#27;[0m        &amp#27;[90m# Login.i_should_get_logged_in_based_on_expected_status(String)&amp#27;[0m
]]></system-out>
    <system-err><![CDATA[SLF4J: Failed to load class "org.slf4j.impl.StaticLoggerBinder".
SLF4J: Defaulting to no-operation (NOP) logger implementation
SLF4J: See http://www.slf4j.org/codes.html#StaticLoggerBinder for further details.
Starting ChromeDriver 91.0.4472.101 (af52a90bf87030dd1523486a1cd3ae25c5d76c9b-refs/branch-heads/4472@{#1462}) on port 30454
Only local connections are allowed.
Please see https://chromedriver.chromium.org/security-considerations for suggestions on keeping ChromeDriver safe.
ChromeDriver was started successfully.
Jul 01, 2021 12:46:53 PM org.openqa.selenium.remote.ProtocolHandshake createSession
INFO: Detected dialect: W3C
Starting ChromeDriver 91.0.4472.101 (af52a90bf87030dd1523486a1cd3ae25c5d76c9b-refs/branch-heads/4472@{#1462}) on port 5394
Only local connections are allowed.
Please see https://chromedriver.chromium.org/security-considerations for suggestions on keeping ChromeDriver safe.
ChromeDriver was started successfully.
Jul 01, 2021 12:47:03 PM org.openqa.selenium.remote.ProtocolHandshake createSession
INFO: Detected dialect: W3C
Starting ChromeDriver 91.0.4472.101 (af52a90bf87030dd1523486a1cd3ae25c5d76c9b-refs/branch-heads/4472@{#1462}) on port 24750
Only local connections are allowed.
Please see https://chromedriver.chromium.org/security-considerations for suggestions on keeping ChromeDriver safe.
ChromeDriver was started successfully.
Jul 01, 2021 12:47:13 PM org.openqa.selenium.remote.ProtocolHandshake createSession
INFO: Detected dialect: W3C
]]></system-err>
  </testcase>
  <testcase name="feature[Register into the TutorialsNinja application](2)" classname="runner.Runner" time="8.667">
    <system-out><![CDATA[Feature: Register into the TutorialsNinja application

  @Register @All @ValidRegisterDetails
  Scenario: Register an account with all valid details                       &amp#27;[90m# register.feature:4&amp#27;[0m
    &amp#27;[32mGiven &amp#27;[0m&amp#27;[32mI visit the website&amp#27;[0m                                                &amp#27;[90m# register.i_visit_the_website()&amp#27;[0m
    &amp#27;[32mAnd &amp#27;[0m&amp#27;[32mI navigate to Register Account page&amp#27;[0m                                  &amp#27;[90m# register.i_navigate_to_register_account_page()&amp#27;[0m
    &amp#27;[32mWhen &amp#27;[0m&amp#27;[32mI enter all the valid details into the Register Account page fields&amp#27;[0m &amp#27;[90m# register.i_enter_all_the_valid_details_into_the_register_account_page_fields(DataTable)&amp#27;[0m
    &amp#27;[32mAnd &amp#27;[0m&amp#27;[32mI select the Privacy Policy option&amp#27;[0m                                   &amp#27;[90m# register.i_select_the_privacy_policy_option()&amp#27;[0m
    &amp#27;[32mAnd &amp#27;[0m&amp#27;[32mI click on Continue button&amp#27;[0m                                           &amp#27;[90m# register.i_click_on_continue_button()&amp#27;[0m
    &amp#27;[32mThen &amp#27;[0m&amp#27;[32mI need to be taken to Account succes page&amp#27;[0m                           &amp#27;[90m# register.i_need_to_be_taken_to_account_succes_page()&amp#27;[0m
]]></system-out>
    <system-err><![CDATA[Starting ChromeDriver 91.0.4472.101 (af52a90bf87030dd1523486a1cd3ae25c5d76c9b-refs/branch-heads/4472@{#1462}) on port 21636
Only local connections are allowed.
Please see https://chromedriver.chromium.org/security-considerations for suggestions on keeping ChromeDriver safe.
ChromeDriver was started successfully.
Jul 01, 2021 12:47:22 PM org.openqa.selenium.remote.ProtocolHandshake createSession
INFO: Detected dialect: W3C
]]></system-err>
  </testcase>
  <testcase name="feature[Searching of various categories should be possible along with general search](3)" classname="runner.Runner" time="0.048">
    <system-out><![CDATA[Feature: Searching of various categories should be possible along with general search
  
  It is good to provide an option to our end users where they can search for the products
  based on their category, rather than only searching a product.This will increase our 
  business and make end users happy.
Given >> I visit the website as a guest user 

  Background:                                 &amp#27;[90m# search.feature:8&amp#27;[0m
    &amp#27;[32mGiven &amp#27;[0m&amp#27;[32mI visit the website as a guest user&amp#27;[0m &amp#27;[90m# Search.i_visit_the_website_as_a_guest_user()&amp#27;[0m
When >> I select Books category from the search dropdown 
And >> I click on Search icon button
Then >> I should see the Search Results page for Books category is loaded
And >> I should see the Books hot off the press as page heading
But >> I should not other category products

  @Search @Books @Smoke @All
  Scenario: Search for the products under Books category                   &amp#27;[90m# search.feature:12&amp#27;[0m
    &amp#27;[32mWhen &amp#27;[0m&amp#27;[32mI select Books category from the search dropdown&amp#27;[0m                  &amp#27;[90m# Search.i_select_books_category_from_the_search_dropdown()&amp#27;[0m
    &amp#27;[32mAnd &amp#27;[0m&amp#27;[32mI click on Search icon button&amp#27;[0m                                      &amp#27;[90m# Search.i_click_on_search_icon_button()&amp#27;[0m
    &amp#27;[32mThen &amp#27;[0m&amp#27;[32mI should see the Search Results page for Books category is loaded&amp#27;[0m &amp#27;[90m# Search.i_should_see_the_search_results_page_for_books_category_is_loaded()&amp#27;[0m
    &amp#27;[32mAnd &amp#27;[0m&amp#27;[32mI should see the Books hot off the press as page heading&amp#27;[0m           &amp#27;[90m# Search.i_should_see_the_books_hot_off_the_press_as_page_heading()&amp#27;[0m
    &amp#27;[32mBut &amp#27;[0m&amp#27;[32mI should not other category products&amp#27;[0m                               &amp#27;[90m# Search.i_should_not_other_category_products()&amp#27;[0m
Given >> I visit the website as a guest user 

  Background:                                 &amp#27;[90m# search.feature:8&amp#27;[0m
    &amp#27;[32mGiven &amp#27;[0m&amp#27;[32mI visit the website as a guest user&amp#27;[0m &amp#27;[90m# Search.i_visit_the_website_as_a_guest_user()&amp#27;[0m
When >> I select Baby category from the search dropdown
And >> I click on Search icon button
Then >> I should see the Search Results page for Baby category is loaded
And >> I should see the Baby Products as page heading
But >> I should not other category products

  @Search @Baby @All @Wip
  Scenario: Search for the products under Baby category                   &amp#27;[90m# search.feature:21&amp#27;[0m
    &amp#27;[32mWhen &amp#27;[0m&amp#27;[32mI select Baby category from the search dropdown&amp#27;[0m                  &amp#27;[90m# Search.i_select_baby_category_from_the_search_dropdown()&amp#27;[0m
    &amp#27;[32mAnd &amp#27;[0m&amp#27;[32mI click on Search icon button&amp#27;[0m                                     &amp#27;[90m# Search.i_click_on_search_icon_button()&amp#27;[0m
    &amp#27;[32mThen &amp#27;[0m&amp#27;[32mI should see the Search Results page for Baby category is loaded&amp#27;[0m &amp#27;[90m# Search.i_should_see_the_search_results_page_for_baby_category_is_loaded()&amp#27;[0m
    &amp#27;[32mAnd &amp#27;[0m&amp#27;[32mI should see the Baby Products as page heading&amp#27;[0m                    &amp#27;[90m# Search.i_should_see_the_baby_products_as_page_heading()&amp#27;[0m
    &amp#27;[32mBut &amp#27;[0m&amp#27;[32mI should not other category products&amp#27;[0m                              &amp#27;[90m# Search.i_should_not_other_category_products()&amp#27;[0m
]]></system-out>
  </testcase>
</testsuite>