<?xml version="1.0" encoding="UTF-8"?>
<testng-results total="2" passed="2" failed="0" skipped="0">
  <reporter-output>
  </reporter-output>
  <suite started-at="2021-07-01T06:14:05Z" name="Suite" finished-at="2021-07-01T06:14:47Z" duration-ms="42061">
    <groups>
      <group name="cucumber">
        <method signature="AbstractTestNGCucumberTests.feature(cucumber.api.testng.CucumberFeatureWrapper)[pri:0, instance:runner.Runner@10f7f7de]" name="feature" class="cucumber.api.testng.AbstractTestNGCucumberTests"/>
      </group> <!-- cucumber -->
    </groups>
    <test started-at="2021-07-01T06:14:05Z" name="Test" finished-at="2021-07-01T06:14:47Z" duration-ms="42061">
      <class name="runner.Runner">
        <test-method is-config="true" signature="setUpClass()[pri:0, instance:runner.Runner@10f7f7de]" started-at="2021-07-01T11:44:05Z" name="setUpClass" finished-at="2021-07-01T11:44:05Z" duration-ms="375" status="PASS">
          <reporter-output>
          </reporter-output>
        </test-method> <!-- setUpClass -->
        <test-method signature="feature(cucumber.api.testng.CucumberFeatureWrapper)[pri:0, instance:runner.Runner@10f7f7de]" started-at="2021-07-01T11:44:05Z" name="feature" description="Runs Cucumber Feature" data-provider="features" finished-at="2021-07-01T11:44:47Z" duration-ms="41512" status="PASS">
          <params>
            <param index="0">
              <value>
                <![CDATA[Login to the Omayo application]]>
              </value>
            </param>
          </params>
          <reporter-output>
          </reporter-output>
        </test-method> <!-- feature -->
        <test-method signature="feature(cucumber.api.testng.CucumberFeatureWrapper)[pri:0, instance:runner.Runner@10f7f7de]" started-at="2021-07-01T11:44:47Z" name="feature" description="Runs Cucumber Feature" data-provider="features" finished-at="2021-07-01T11:44:47Z" duration-ms="23" status="PASS">
          <params>
            <param index="0">
              <value>
                <![CDATA[Searching of various categories should be possible along with general search]]>
              </value>
            </param>
          </params>
          <reporter-output>
          </reporter-output>
        </test-method> <!-- feature -->
        <test-method is-config="true" signature="tearDownClass()[pri:0, instance:runner.Runner@10f7f7de]" started-at="2021-07-01T11:44:47Z" name="tearDownClass" finished-at="2021-07-01T11:44:47Z" duration-ms="17" status="PASS">
          <reporter-output>
          </reporter-output>
        </test-method> <!-- tearDownClass -->
      </class> <!-- runner.Runner -->
    </test> <!-- Test -->
  </suite> <!-- Suite -->
</testng-results>
